The option outDir isn't configured, using default folder "./dist/static/".
No configuration for route "/floorplans/:floorplanId/:modelName" found. Skipping
The option outDir isn't configured, using default folder "./dist/static/".
No configuration for route "/floorplans/:floorplanId/:modelName" found. Skipping
The option outDir isn't configured, using default folder "./dist/static/".
No configuration for route "/floorplans/:floorplanId/:modelName" found. Skipping
The option outDir isn't configured, using default folder "./dist/static/".
No configuration for route "/floorplans/:floorplanId" found. Skipping
The option outDir isn't configured, using default folder "./dist/static/".
No configuration for route "/floorplans/:floorplanId" found. Skipping
The option outDir isn't configured, using default folder "./dist/static/".
No configuration for route "/floorplans/:floorplanId" found. Skipping
The option outDir isn't configured, using default folder "./dist/static/".
No configuration for route "/floorplans/:modelName" found. Skipping
The option outDir isn't configured, using default folder "./dist/static/".
No configuration for route "/floorplans/:modelName" found. Skipping
The option outDir isn't configured, using default folder "./dist/static/". Deprecation Notice:
       ======================================================================
         From now on, the plugin that is being used to render a route is
         able to be changed by the user. You can do this by adding or
         enabling the plugin your scully.floorplans.config.ts
         file. For your convenience, we loaded the Puppeteer plugin for you.

         To disable this warning enable the plugin of your choice.
         for Puppeteer please add:
             import '@scullyio/scully-plugin-puppeteer';
          to your scully.floorplans.config.ts file.

          When you get this warning while not using scully-plugin-puppeteer
          you need to set the defaultRouteRenderer to the name of your plugin.
          The defaultRouteRenderer is now set to 'routeRenderer'.
       ======================================================================

No configuration for route "/floorplans/:modelName" found. Skipping
The option outDir isn't configured, using default folder "./dist/static/". Deprecation Notice:
       ======================================================================
         From now on, the plugin that is being used to render a route is
         able to be changed by the user. You can do this by adding or
         enabling the plugin your scully.floorplans.config.ts
         file. For your convenience, we loaded the Puppeteer plugin for you.

         To disable this warning enable the plugin of your choice.
         for Puppeteer please add:
             import '@scullyio/scully-plugin-puppeteer';
          to your scully.floorplans.config.ts file.

          When you get this warning while not using scully-plugin-puppeteer
          you need to set the defaultRouteRenderer to the name of your plugin.
          The defaultRouteRenderer is now set to 'routeRenderer'.
       ======================================================================

No configuration for route "/floorplans/:modelName" found. Skipping
The option outDir isn't configured, using default folder "./dist/static/". Deprecation Notice:
       ======================================================================
         From now on, the plugin that is being used to render a route is
         able to be changed by the user. You can do this by adding or
         enabling the plugin your scully.floorplans.config.ts
         file. For your convenience, we loaded the Puppeteer plugin for you.

         To disable this warning enable the plugin of your choice.
         for Puppeteer please add:
             import '@scullyio/scully-plugin-puppeteer';
          to your scully.floorplans.config.ts file.

          When you get this warning while not using scully-plugin-puppeteer
          you need to set the defaultRouteRenderer to the name of your plugin.
          The defaultRouteRenderer is now set to 'routeRenderer'.
       ======================================================================

No configuration for route "/floorplans/:modelName" found. Skipping
The option outDir isn't configured, using default folder "./dist/static/". Deprecation Notice:
       ======================================================================
         From now on, the plugin that is being used to render a route is
         able to be changed by the user. You can do this by adding or
         enabling the plugin your scully.floorplans.config.ts
         file. For your convenience, we loaded the Puppeteer plugin for you.

         To disable this warning enable the plugin of your choice.
         for Puppeteer please add:
             import '@scullyio/scully-plugin-puppeteer';
          to your scully.floorplans.config.ts file.

          When you get this warning while not using scully-plugin-puppeteer
          you need to set the defaultRouteRenderer to the name of your plugin.
          The defaultRouteRenderer is now set to 'routeRenderer'.
       ======================================================================

No configuration for route "/floorplans/:modelName" found. Skipping
The option outDir isn't configured, using default folder "./dist/static/". Deprecation Notice:
       ======================================================================
         From now on, the plugin that is being used to render a route is
         able to be changed by the user. You can do this by adding or
         enabling the plugin your scully.floorplans.config.ts
         file. For your convenience, we loaded the Puppeteer plugin for you.

         To disable this warning enable the plugin of your choice.
         for Puppeteer please add:
             import '@scullyio/scully-plugin-puppeteer';
          to your scully.floorplans.config.ts file.

          When you get this warning while not using scully-plugin-puppeteer
          you need to set the defaultRouteRenderer to the name of your plugin.
          The defaultRouteRenderer is now set to 'routeRenderer'.
       ======================================================================

No configuration for route "/floorplans/:modelName" found. Skipping
The option outDir isn't configured, using default folder "./dist/static/". Deprecation Notice:
       ======================================================================
         From now on, the plugin that is being used to render a route is
         able to be changed by the user. You can do this by adding or
         enabling the plugin your scully.floorplans.config.ts
         file. For your convenience, we loaded the Puppeteer plugin for you.

         To disable this warning enable the plugin of your choice.
         for Puppeteer please add:
             import '@scullyio/scully-plugin-puppeteer';
          to your scully.floorplans.config.ts file.

          When you get this warning while not using scully-plugin-puppeteer
          you need to set the defaultRouteRenderer to the name of your plugin.
          The defaultRouteRenderer is now set to 'routeRenderer'.
       ======================================================================

The option outDir isn't configured, using default folder "./dist/static/". Deprecation Notice:
       ======================================================================
         From now on, the plugin that is being used to render a route is
         able to be changed by the user. You can do this by adding or
         enabling the plugin your scully.floorplans.config.ts
         file. For your convenience, we loaded the Puppeteer plugin for you.

         To disable this warning enable the plugin of your choice.
         for Puppeteer please add:
             import '@scullyio/scully-plugin-puppeteer';
          to your scully.floorplans.config.ts file.

          When you get this warning while not using scully-plugin-puppeteer
          you need to set the defaultRouteRenderer to the name of your plugin.
          The defaultRouteRenderer is now set to 'routeRenderer'.
       ======================================================================

The option outDir isn't configured, using default folder "./dist/static/". Deprecation Notice:
       ======================================================================
         From now on, the plugin that is being used to render a route is
         able to be changed by the user. You can do this by adding or
         enabling the plugin your scully.floorplans.config.ts
         file. For your convenience, we loaded the Puppeteer plugin for you.

         To disable this warning enable the plugin of your choice.
         for Puppeteer please add:
             import '@scullyio/scully-plugin-puppeteer';
          to your scully.floorplans.config.ts file.

          When you get this warning while not using scully-plugin-puppeteer
          you need to set the defaultRouteRenderer to the name of your plugin.
          The defaultRouteRenderer is now set to 'routeRenderer'.
       ======================================================================

The option outDir isn't configured, using default folder "./dist/static/". Deprecation Notice:
       ======================================================================
         From now on, the plugin that is being used to render a route is
         able to be changed by the user. You can do this by adding or
         enabling the plugin your scully.floorplans.config.ts
         file. For your convenience, we loaded the Puppeteer plugin for you.

         To disable this warning enable the plugin of your choice.
         for Puppeteer please add:
             import '@scullyio/scully-plugin-puppeteer';
          to your scully.floorplans.config.ts file.

          When you get this warning while not using scully-plugin-puppeteer
          you need to set the defaultRouteRenderer to the name of your plugin.
          The defaultRouteRenderer is now set to 'routeRenderer'.
       ======================================================================

The option outDir isn't configured, using default folder "./dist/static/".
The option outDir isn't configured, using default folder "./dist/static/".
The option outDir isn't configured, using default folder "./dist/static/".
No configuration for route "/floorplans/getbymodelname/:modelName" found. Skipping
The option outDir isn't configured, using default folder "./dist/static/".
No configuration for route "/floorplans/:floorplanId" found. Skipping
The option outDir isn't configured, using default folder "./dist/static/".
No configuration for route "/floorplans/:floorplanId" found. Skipping
The option outDir isn't configured, using default folder "./dist/static/".
No configuration for route "/floorplans/:floorplanId" found. Skipping
The option outDir isn't configured, using default folder "./dist/static/".
The option outDir isn't configured, using default folder "./dist/static/".
NOTICE:
****************************************************************************************
  This is a development tool for Scully applications.
  You can ignore the warning (TLS) or run scully with --no-warning
****************************************************************************************
handleUnknownRoute: "/floorplans/9584%20(Everest)", 404:""
Route "/floorplans/9584 (Everest)" not provided by angular app
The option outDir isn't configured, using default folder "./dist/static/".
NOTICE:
****************************************************************************************
  This is a development tool for Scully applications.
  You can ignore the warning (TLS) or run scully with --no-warning
****************************************************************************************
handleUnknownRoute: "/floorplans/9584%20(Everest)", 404:""
Route "/floorplans/9584 (Everest)" not provided by angular app
The option outDir isn't configured, using default folder "./dist/static/".
NOTICE:
****************************************************************************************
  This is a development tool for Scully applications.
  You can ignore the warning (TLS) or run scully with --no-warning
****************************************************************************************
handleUnknownRoute: "/floorplans/9584%20(Everest)", 404:""
Route "/floorplans/9584 (Everest)" not provided by angular app
The option outDir isn't configured, using default folder "./dist/static/".
NOTICE:
****************************************************************************************
  This is a development tool for Scully applications.
  You can ignore the warning (TLS) or run scully with --no-warning
****************************************************************************************
handleUnknownRoute: "/floorplans/9584%20(Everest)", 404:""
Route "/floorplans/9584 (Everest)" not provided by angular app
The option outDir isn't configured, using default folder "./dist/static/".
NOTICE:
****************************************************************************************
  This is a development tool for Scully applications.
  You can ignore the warning (TLS) or run scully with --no-warning
****************************************************************************************
handleUnknownRoute: "/floorplans/9584%20(Everest)", 404:""
Route "/floorplans/9584 (Everest)" not provided by angular app
The option outDir isn't configured, using default folder "./dist/static/".
NOTICE:
****************************************************************************************
  This is a development tool for Scully applications.
  You can ignore the warning (TLS) or run scully with --no-warning
****************************************************************************************
handleUnknownRoute: "/floorplans/9584%20(Everest)", 404:""
Route "/floorplans/9584 (Everest)" not provided by angular app
The option outDir isn't configured, using default folder "./dist/static/".
NOTICE:
****************************************************************************************
  This is a development tool for Scully applications.
  You can ignore the warning (TLS) or run scully with --no-warning
****************************************************************************************
handleUnknownRoute: "/floorplans/9584%20(Everest)", 404:""
Route "/floorplans/9584 (Everest)" not provided by angular app
The option outDir isn't configured, using default folder "./dist/static/".
NOTICE:
****************************************************************************************
  This is a development tool for Scully applications.
  You can ignore the warning (TLS) or run scully with --no-warning
****************************************************************************************
handleUnknownRoute: "/floorplans/9584%20(Everest)", 404:""
Route "/floorplans/9584 (Everest)" not provided by angular app
The option outDir isn't configured, using default folder "./dist/static/".
No configuration for route "/floorplans/:modelName" found. Skipping
The option outDir isn't configured, using default folder "./dist/static/".
No configuration for route "/floorplans/:modelName" found. Skipping
The option outDir isn't configured, using default folder "./dist/static/".
No configuration for route "/floorplans/:modelName" found. Skipping
The option outDir isn't configured, using default folder "./dist/static/".
NOTICE:
****************************************************************************************
  This is a development tool for Scully applications.
  You can ignore the warning (TLS) or run scully with --no-warning
****************************************************************************************
handleUnknownRoute: "/floorplans/9584%20(Everest)", 404:""
Route "/floorplans/9584 (Everest)" not provided by angular app
The option outDir isn't configured, using default folder "./dist/static/".
NOTICE:
****************************************************************************************
  This is a development tool for Scully applications.
  You can ignore the warning (TLS) or run scully with --no-warning
****************************************************************************************
handleUnknownRoute: "/floorplans/9584%20(Everest)", 404:""
Route "/floorplans/9584 (Everest)" not provided by angular app
The option outDir isn't configured, using default folder "./dist/static/".
NOTICE:
****************************************************************************************
  This is a development tool for Scully applications.
  You can ignore the warning (TLS) or run scully with --no-warning
****************************************************************************************
handleUnknownRoute: "/floorplans/9584%20(Everest)", 404:""
Route "/floorplans/9584 (Everest)" not provided by angular app
The option outDir isn't configured, using default folder "./dist/static/".
NOTICE:
****************************************************************************************
  This is a development tool for Scully applications.
  You can ignore the warning (TLS) or run scully with --no-warning
****************************************************************************************
handleUnknownRoute: "/floorplans/9584%20(Everest)", 404:""
Route "/floorplans/9584 (Everest)" not provided by angular app
The option outDir isn't configured, using default folder "./dist/static/".
NOTICE:
****************************************************************************************
  This is a development tool for Scully applications.
  You can ignore the warning (TLS) or run scully with --no-warning
****************************************************************************************
handleUnknownRoute: "/floorplans/9584%20(Everest)", 404:""
Route "/floorplans/9584 (Everest)" not provided by angular app
The option outDir isn't configured, using default folder "./dist/static/".
NOTICE:
****************************************************************************************
  This is a development tool for Scully applications.
  You can ignore the warning (TLS) or run scully with --no-warning
****************************************************************************************
handleUnknownRoute: "/floorplans/9584%20(Everest)", 404:""
Route "/floorplans/9584 (Everest)" not provided by angular app
The option outDir isn't configured, using default folder "./dist/static/".
No configuration for route "/floorplans/:modelName" found. Skipping
The option outDir isn't configured, using default folder "./dist/static/".
NOTICE:
****************************************************************************************
  This is a development tool for Scully applications.
  You can ignore the warning (TLS) or run scully with --no-warning
****************************************************************************************
handleUnknownRoute: "/floorplans/9584%20(Everest)", 404:""
Route "/floorplans/9584 (Everest)" not provided by angular app
The option outDir isn't configured, using default folder "./dist/static/".
No configuration for route "/floorplans/:modelName" found. Skipping
The option outDir isn't configured, using default folder "./dist/static/".
NOTICE:
****************************************************************************************
  This is a development tool for Scully applications.
  You can ignore the warning (TLS) or run scully with --no-warning
****************************************************************************************
handleUnknownRoute: "/floorplans/9584%20(Everest)", 404:""
Route "/floorplans/9584 (Everest)" not provided by angular app
